Bowlingg/Temp/gradleOut/launcher/build/intermediates/manifest_merge_blame_file/release/manifest-merger-blame-release-report.txt
1<?xml version="1.0" encoding="utf-8"?>
2<!-- GENERATED BY UNITY. REMOVE THIS COMMENT TO PREVENT OVERWRITING WHEN EXPORTING AGAIN -->
3<manifest xmlns:android="http://schemas.android.com/apk/res/android"
4    package="com.DefaultCompany.Bowlingg"
5    android:installLocation="preferExternal"
6    android:versionCode="1"
7    android:versionName="0.1" >
8
9    <uses-sdk
10        android:minSdkVersion="23"
10-->src/main/AndroidManifest.xml
11        android:targetSdkVersion="30" />
11-->src/main/AndroidManifest.xml
12
13    <supports-screens
13-->src/main/AndroidManifest.xml:4:3-163
14        android:anyDensity="true"
14-->src/main/AndroidManifest.xml:4:135-160
15        android:largeScreens="true"
15-->src/main/AndroidManifest.xml:4:78-105
16        android:normalScreens="true"
16-->src/main/AndroidManifest.xml:4:49-77
17        android:smallScreens="true"
17-->src/main/AndroidManifest.xml:4:21-48
18        android:xlargeScreens="true" />
18-->src/main/AndroidManifest.xml:4:106-134
19
20    <uses-feature android:glEsVersion="0x00030000" />
20-->[:unityLibrary] AndroidManifest.xml:14:5-54
20-->[:unityLibrary] AndroidManifest.xml:14:19-51
21
22    <supports-gl-texture android:name="GL_KHR_texture_compression_astc_ldr" />
22-->[:unityLibrary] AndroidManifest.xml:16:5-79
22-->[:unityLibrary] AndroidManifest.xml:16:26-76
23
24    <uses-permission android:name="android.permission.INTERNET" />
24-->[:unityLibrary] AndroidManifest.xml:18:5-67
24-->[:unityLibrary] AndroidManifest.xml:18:22-64
25
26    <uses-feature
26-->[:unityLibrary] AndroidManifest.xml:20:5-22:36
27        android:name="android.hardware.touchscreen"
27-->[:unityLibrary] AndroidManifest.xml:21:9-52
28        android:required="false" />
28-->[:unityLibrary] AndroidManifest.xml:22:9-33
29    <uses-feature
29-->[:unityLibrary] AndroidManifest.xml:23:5-25:36
30        android:name="android.hardware.touchscreen.multitouch"
30-->[:unityLibrary] AndroidManifest.xml:24:9-63
31        android:required="false" />
31-->[:unityLibrary] AndroidManifest.xml:25:9-33
32    <uses-feature
32-->[:unityLibrary] AndroidManifest.xml:26:5-28:36
33        android:name="android.hardware.touchscreen.multitouch.distinct"
33-->[:unityLibrary] AndroidManifest.xml:27:9-72
34        android:required="false" />
34-->[:unityLibrary] AndroidManifest.xml:28:9-33
35    <uses-feature
35-->[:unityLibrary] AndroidManifest.xml:29:5-32:31
36        android:name="android.hardware.vr.headtracking"
36-->[:unityLibrary] AndroidManifest.xml:30:9-56
37        android:required="true"
37-->[:unityLibrary] AndroidManifest.xml:31:9-32
38        android:version="1" />
38-->[:unityLibrary] AndroidManifest.xml:32:9-28
39
40    <application
40-->src/main/AndroidManifest.xml:5:3-116
41        android:extractNativeLibs="true"
41-->src/main/AndroidManifest.xml:5:16-48
42        android:icon="@mipmap/app_icon"
42-->src/main/AndroidManifest.xml:5:82-113
43        android:label="@string/app_name" >
43-->src/main/AndroidManifest.xml:5:49-81
44        <activity
44-->[:unityLibrary] AndroidManifest.xml:35:9-56:20
45            android:name="com.unity3d.player.UnityPlayerActivity"
45-->[:unityLibrary] AndroidManifest.xml:36:13-66
46            android:configChanges="keyboard|keyboardHidden|navigation|orientation|screenLayout|screenSize|uiMode"
46-->[:unityLibrary] AndroidManifest.xml:37:13-114
47            android:hardwareAccelerated="false"
47-->[:unityLibrary] AndroidManifest.xml:38:13-48
48            android:launchMode="singleTask"
48-->[:unityLibrary] AndroidManifest.xml:39:13-44
49            android:resizeableActivity="false"
49-->[:unityLibrary] AndroidManifest.xml:40:13-47
50            android:screenOrientation="landscape"
50-->[:unityLibrary] AndroidManifest.xml:41:13-50
51            android:theme="@android:style/Theme.Black.NoTitleBar.Fullscreen" >
51-->[:unityLibrary] AndroidManifest.xml:42:13-77
52            <intent-filter>
52-->[:unityLibrary] AndroidManifest.xml:43:13-48:29
53                <action android:name="android.intent.action.MAIN" />
53-->[:unityLibrary] AndroidManifest.xml:44:17-69
53-->[:unityLibrary] AndroidManifest.xml:44:25-66
54
55                <category android:name="android.intent.category.LAUNCHER" />
55-->[:unityLibrary] AndroidManifest.xml:46:17-77
55-->[:unityLibrary] AndroidManifest.xml:46:27-74
56                <category android:name="com.oculus.intent.category.VR" />
56-->[:unityLibrary] AndroidManifest.xml:47:17-74
56-->[:unityLibrary] AndroidManifest.xml:47:27-71
57            </intent-filter>
58
59            <meta-data
59-->[:unityLibrary] AndroidManifest.xml:50:13-52:40
60                android:name="unityplayer.UnityActivity"
60-->[:unityLibrary] AndroidManifest.xml:51:17-57
61                android:value="true" />
61-->[:unityLibrary] AndroidManifest.xml:52:17-37
62            <meta-data
62-->[:unityLibrary] AndroidManifest.xml:53:13-55:40
63                android:name="com.oculus.vr.focusaware"
63-->[:unityLibrary] AndroidManifest.xml:54:17-56
64                android:value="true" />
64-->[:unityLibrary] AndroidManifest.xml:55:17-37
65        </activity>
66
67        <meta-data
67-->[:unityLibrary] AndroidManifest.xml:58:9-60:33
68            android:name="unity.splash-mode"
68-->[:unityLibrary] AndroidManifest.xml:59:13-45
69            android:value="0" />
69-->[:unityLibrary] AndroidManifest.xml:60:13-30
70        <meta-data
70-->[:unityLibrary] AndroidManifest.xml:61:9-63:36
71            android:name="unity.splash-enable"
71-->[:unityLibrary] AndroidManifest.xml:62:13-47
72            android:value="True" />
72-->[:unityLibrary] AndroidManifest.xml:63:13-33
73        <meta-data
73-->[:unityLibrary] AndroidManifest.xml:64:9-66:37
74            android:name="unity.allow-resizable-window"
74-->[:unityLibrary] AndroidManifest.xml:65:13-56
75            android:value="False" />
75-->[:unityLibrary] AndroidManifest.xml:66:13-34
76        <meta-data
76-->[:unityLibrary] AndroidManifest.xml:67:9-69:68
77            android:name="unity.build-id"
77-->[:unityLibrary] AndroidManifest.xml:68:13-42
78            android:value="63fc0f45-af56-410d-81e3-2586c0d65c18" />
78-->[:unityLibrary] AndroidManifest.xml:69:13-65
79        <meta-data
79-->[:unityLibrary] AndroidManifest.xml:70:9-72:39
80            android:name="com.samsung.android.vr.application.mode"
80-->[:unityLibrary] AndroidManifest.xml:71:13-67
81            android:value="vr_only" />
81-->[:unityLibrary] AndroidManifest.xml:72:13-36
82        <meta-data
82-->[:unityLibrary] AndroidManifest.xml:73:9-75:37
83            android:name="com.unity.xr.oculus.LowOverheadMode"
83-->[:unityLibrary] AndroidManifest.xml:74:13-63
84            android:value="false" />
84-->[:unityLibrary] AndroidManifest.xml:75:13-34
85        <meta-data
85-->[:unityLibrary] AndroidManifest.xml:76:9-78:44
86            android:name="com.oculus.supportedDevices"
86-->[:unityLibrary] AndroidManifest.xml:77:13-55
87            android:value="quest|quest2" />
87-->[:unityLibrary] AndroidManifest.xml:78:13-41
88    </application>
89
90</manifest>